<?xml version="1.0" encoding="UTF-8"?>
<!-- Generated by org.testng.reporters.JUnitXMLReporter -->
<testsuite hostname="A2ML24415" name="Mercury Tours App Test Cases" tests="3" failures="0" timestamp="30 Apr 2020 08:13:59 GMT" time="75.34" errors="0">
  <testcase name="BookReturnticketTest" time="10.861" classname="com.demoaut.testcases.BookReturnTicketTest"/>
  <testcase name="Logintest" time="7.033" classname="com.demoaut.testcases.LoginTest"/>
  <testcase name="Logintest_falseValidate" time="4.237" classname="com.demoaut.testcases.LoginTest"/>
</testsuite> <!-- Mercury Tours App Test Cases -->
