<?xml version="1.0" encoding="UTF-8"?>
<!-- Generated by org.testng.reporters.JUnitXMLReporter -->
<testsuite hostname="A2ML24415" ignored="0" name="Command line test" tests="2" failures="0" timestamp="2020-05-08T00:07:12 IST" time="59.487" errors="0">
  <testcase name="BookReturnticketTest" time="10.38" classname="com.demoaut.testcases.BookReturnTicketTest"/>
  <testcase name="Logintest_falseValidate" time="2.684" classname="com.demoaut.testcases.LoginTest"/>
</testsuite> <!-- Command line test -->
