<?xml version="1.0" encoding="UTF-8"?>
<testng-results skipped="0" failed="0" ignored="0" total="3" passed="3">
  <reporter-output>
  </reporter-output>
  <suite name="Mercury Tours Flight Booking Application" duration-ms="72689" started-at="2020-05-12T23:52:49 IST" finished-at="2020-05-12T23:54:01 IST">
    <groups>
    </groups>
    <test name="Mercury Tours App Test Cases" duration-ms="72689" started-at="2020-05-12T23:52:49 IST" finished-at="2020-05-12T23:54:01 IST">
      <class name="com.demoaut.testcases.LoginTest">
        <test-method status="PASS" signature="SetUp()[pri:0, instance:com.demoaut.testcases.LoginTest@2d127a61]" name="SetUp" is-config="true" duration-ms="11916" started-at="2020-05-12T23:53:20 IST" finished-at="2020-05-12T23:53:32 IST">
          <reporter-output>
          </reporter-output>
        </test-method> <!-- SetUp -->
        <test-method status="PASS" signature="Logintest(java.lang.String, java.lang.String)[pri:1, instance:com.demoaut.testcases.LoginTest@2d127a61]" name="Logintest" duration-ms="6742" started-at="2020-05-12T23:53:32 IST" data-provider="getData" finished-at="2020-05-12T23:53:39 IST">
          <params>
            <param index="0">
              <value>
                <![CDATA[mercury]]>
              </value>
            </param>
            <param index="1">
              <value>
                <![CDATA[mercury]]>
              </value>
            </param>
          </params>
          <reporter-output>
          </reporter-output>
        </test-method> <!-- Logintest -->
        <test-method status="PASS" signature="tearDown()[pri:0, instance:com.demoaut.testcases.LoginTest@2d127a61]" name="tearDown" is-config="true" duration-ms="995" started-at="2020-05-12T23:53:39 IST" finished-at="2020-05-12T23:53:40 IST">
          <reporter-output>
          </reporter-output>
        </test-method> <!-- tearDown -->
        <test-method status="PASS" signature="SetUp()[pri:0, instance:com.demoaut.testcases.LoginTest@2d127a61]" name="SetUp" is-config="true" duration-ms="12389" started-at="2020-05-12T23:53:40 IST" finished-at="2020-05-12T23:53:53 IST">
          <reporter-output>
          </reporter-output>
        </test-method> <!-- SetUp -->
        <test-method status="PASS" signature="Logintest_falseValidate(java.lang.String, java.lang.String)[pri:1, instance:com.demoaut.testcases.LoginTest@2d127a61]" name="Logintest_falseValidate" duration-ms="2409" started-at="2020-05-12T23:53:53 IST" data-provider="getData_false" finished-at="2020-05-12T23:53:55 IST">
          <params>
            <param index="0">
              <value>
                <![CDATA[demo]]>
              </value>
            </param>
            <param index="1">
              <value>
                <![CDATA[demoacc]]>
              </value>
            </param>
          </params>
          <reporter-output>
          </reporter-output>
        </test-method> <!-- Logintest_falseValidate -->
        <test-method status="PASS" signature="tearDown()[pri:0, instance:com.demoaut.testcases.LoginTest@2d127a61]" name="tearDown" is-config="true" duration-ms="817" started-at="2020-05-12T23:53:55 IST" finished-at="2020-05-12T23:53:56 IST">
          <reporter-output>
          </reporter-output>
        </test-method> <!-- tearDown -->
        <test-method status="PASS" signature="report()[pri:0, instance:com.demoaut.testcases.LoginTest@2d127a61]" name="report" is-config="true" duration-ms="5685" started-at="2020-05-12T23:53:56 IST" finished-at="2020-05-12T23:54:01 IST">
          <reporter-output>
          </reporter-output>
        </test-method> <!-- report -->
      </class> <!-- com.demoaut.testcases.LoginTest -->
      <class name="com.demoaut.testcases.BookReturnTicketTest">
        <test-method status="PASS" signature="SetUp()[pri:0, instance:com.demoaut.testcases.BookReturnTicketTest@69a10787]" name="SetUp" is-config="true" duration-ms="20259" started-at="2020-05-12T23:52:49 IST" finished-at="2020-05-12T23:53:09 IST">
          <reporter-output>
          </reporter-output>
        </test-method> <!-- SetUp -->
        <test-method status="PASS" signature="BookReturnticketTest(java.lang.String, java.lang.String, java.lang.String, java.lang.String, java.lang.String, java.lang.String)[pri:0, instance:com.demoaut.testcases.BookReturnTicketTest@69a10787]" name="BookReturnticketTest" duration-ms="10204" started-at="2020-05-12T23:53:09 IST" data-provider="getData" finished-at="2020-05-12T23:53:20 IST">
          <params>
            <param index="0">
              <value>
                <![CDATA[Rahul]]>
              </value>
            </param>
            <param index="1">
              <value>
                <![CDATA[Hanson]]>
              </value>
            </param>
            <param index="2">
              <value>
                <![CDATA[Visa]]>
              </value>
            </param>
            <param index="3">
              <value>
                <![CDATA[3245612345]]>
              </value>
            </param>
            <param index="4">
              <value>
                <![CDATA[Rahul]]>
              </value>
            </param>
            <param index="5">
              <value>
                <![CDATA[Hanson]]>
              </value>
            </param>
          </params>
          <reporter-output>
          </reporter-output>
        </test-method> <!-- BookReturnticketTest -->
        <test-method status="PASS" signature="tearDown()[pri:0, instance:com.demoaut.testcases.BookReturnTicketTest@69a10787]" name="tearDown" is-config="true" duration-ms="876" started-at="2020-05-12T23:53:20 IST" finished-at="2020-05-12T23:53:20 IST">
          <reporter-output>
          </reporter-output>
        </test-method> <!-- tearDown -->
      </class> <!-- com.demoaut.testcases.BookReturnTicketTest -->
    </test> <!-- Mercury Tours App Test Cases -->
  </suite> <!-- Mercury Tours Flight Booking Application -->
</testng-results>
