<?xml version="1.0" encoding="UTF-8"?>
<testsuite xmlns:xsi="http://www.w3.org/2001/XMLSchema-instance" xsi:noNamespaceSchemaLocation="https://maven.apache.org/surefire/maven-surefire-plugin/xsd/surefire-test-report-3.0.xsd" version="3.0" name="TestSuite" time="74.734" tests="3" errors="0" skipped="0" failures="0">
  <properties>
[...]
</properties>
  <testcase name="BookReturnticketTest" classname="com.demoaut.testcases.BookReturnTicketTest" time="10.21"/>
  <testcase name="Logintest" classname="com.demoaut.testcases.LoginTest" time="6.743"/>
  <testcase name="Logintest_falseValidate" classname="com.demoaut.testcases.LoginTest" time="2.41"/>
</testsuite>