<?xml version="1.0" encoding="UTF-8"?>
<testng-results skipped="0" failed="0" total="2" passed="2">
  <reporter-output>
  </reporter-output>
  <suite name="Mercury Tours Flight Booking Application" duration-ms="46175" started-at="2020-04-29T17:48:24Z" finished-at="2020-04-29T17:49:10Z">
    <groups>
    </groups>
    <test name="Mercury Tours App Test Cases" duration-ms="46175" started-at="2020-04-29T17:48:24Z" finished-at="2020-04-29T17:49:10Z">
      <class name="com.demoaut.testcases.LoginTest">
        <test-method status="PASS" signature="SetUp()[pri:0, instance:com.demoaut.testcases.LoginTest@2d127a61]" name="SetUp" is-config="true" duration-ms="12108" started-at="2020-04-29T23:18:54Z" finished-at="2020-04-29T23:19:06Z">
          <reporter-output>
          </reporter-output>
        </test-method> <!-- SetUp -->
        <test-method status="PASS" signature="Logintest_falseValidate(java.lang.String, java.lang.String)[pri:1, instance:com.demoaut.testcases.LoginTest@2d127a61]" name="Logintest_falseValidate" duration-ms="3079" started-at="2020-04-29T23:19:06Z" data-provider="getData_false" finished-at="2020-04-29T23:19:09Z">
          <params>
            <param index="0">
              <value>
                <![CDATA[demo]]>
              </value>
            </param>
            <param index="1">
              <value>
                <![CDATA[demoacc]]>
              </value>
            </param>
          </params>
          <reporter-output>
          </reporter-output>
        </test-method> <!-- Logintest_falseValidate -->
        <test-method status="PASS" signature="tearDown()[pri:0, instance:com.demoaut.testcases.LoginTest@2d127a61]" name="tearDown" is-config="true" duration-ms="816" started-at="2020-04-29T23:19:09Z" finished-at="2020-04-29T23:19:10Z">
          <reporter-output>
          </reporter-output>
        </test-method> <!-- tearDown -->
        <test-method status="FAIL" signature="report()[pri:0, instance:com.demoaut.testcases.LoginTest@2d127a61]" name="report" is-config="true" duration-ms="0" started-at="2020-04-29T23:19:10Z" finished-at="2020-04-29T23:19:10Z">
          <exception class="java.io.FileNotFoundException">
            <message>
              <![CDATA[C:\workspace\DemoautTest\test-output\emailable-report.html (The system cannot find the path specified)]]>
            </message>
            <full-stacktrace>
              <![CDATA[java.io.FileNotFoundException: C:\workspace\DemoautTest\test-output\emailable-report.html (The system cannot find the path specified)
	at java.io.FileInputStream.open0(Native Method)
	at java.io.FileInputStream.open(FileInputStream.java:195)
	at java.io.FileInputStream.<init>(FileInputStream.java:138)
	at java.io.FileInputStream.<init>(FileInputStream.java:93)
	at com.demoaut.utils.TestUtil.createPdf(TestUtil.java:143)
	at com.demoaut.utils.TestUtil.pdf(TestUtil.java:149)
	at com.demoaut.testcases.LoginTest.report(LoginTest.java:54)
	at sun.reflect.NativeMethodAccessorImpl.invoke0(Native Method)
	at sun.reflect.NativeMethodAccessorImpl.invoke(NativeMethodAccessorImpl.java:62)
	at sun.reflect.DelegatingMethodAccessorImpl.invoke(DelegatingMethodAccessorImpl.java:43)
	at java.lang.reflect.Method.invoke(Method.java:498)
	at org.testng.internal.MethodInvocationHelper.invokeMethod(MethodInvocationHelper.java:100)
	at org.testng.internal.Invoker.invokeConfigurationMethod(Invoker.java:515)
	at org.testng.internal.Invoker.invokeConfigurations(Invoker.java:216)
	at org.testng.internal.Invoker.invokeConfigurations(Invoker.java:143)
	at org.testng.TestRunner.afterRun(TestRunner.java:973)
	at org.testng.TestRunner.run(TestRunner.java:604)
	at org.testng.SuiteRunner.runTest(SuiteRunner.java:366)
	at org.testng.SuiteRunner.runSequentially(SuiteRunner.java:361)
	at org.testng.SuiteRunner.privateRun(SuiteRunner.java:319)
	at org.testng.SuiteRunner.run(SuiteRunner.java:268)
	at org.testng.SuiteRunnerWorker.runSuite(SuiteRunnerWorker.java:52)
	at org.testng.SuiteRunnerWorker.run(SuiteRunnerWorker.java:86)
	at org.testng.TestNG.runSuitesSequentially(TestNG.java:1264)
	at org.testng.TestNG.runSuitesLocally(TestNG.java:1189)
	at org.testng.TestNG.runSuites(TestNG.java:1104)
	at org.testng.TestNG.run(TestNG.java:1076)
	at org.testng.remote.AbstractRemoteTestNG.run(AbstractRemoteTestNG.java:126)
	at org.testng.remote.RemoteTestNG.initAndRun(RemoteTestNG.java:152)
	at org.testng.remote.RemoteTestNG.main(RemoteTestNG.java:57)
]]>
            </full-stacktrace>
          </exception> <!-- java.io.FileNotFoundException -->
          <reporter-output>
          </reporter-output>
        </test-method> <!-- report -->
      </class> <!-- com.demoaut.testcases.LoginTest -->
      <class name="com.demoaut.testcases.BookReturnTicketTest">
        <test-method status="PASS" signature="SetUp()[pri:0, instance:com.demoaut.testcases.BookReturnTicketTest@69a10787]" name="SetUp" is-config="true" duration-ms="19236" started-at="2020-04-29T23:18:24Z" finished-at="2020-04-29T23:18:44Z">
          <reporter-output>
          </reporter-output>
        </test-method> <!-- SetUp -->
        <test-method status="PASS" signature="BookReturnticketTest(java.lang.String, java.lang.String, java.lang.String, java.lang.String, java.lang.String, java.lang.String)[pri:0, instance:com.demoaut.testcases.BookReturnTicketTest@69a10787]" name="BookReturnticketTest" duration-ms="9678" started-at="2020-04-29T23:18:44Z" data-provider="getData" finished-at="2020-04-29T23:18:53Z">
          <params>
            <param index="0">
              <value>
                <![CDATA[Rahul]]>
              </value>
            </param>
            <param index="1">
              <value>
                <![CDATA[Hanson]]>
              </value>
            </param>
            <param index="2">
              <value>
                <![CDATA[Visa]]>
              </value>
            </param>
            <param index="3">
              <value>
                <![CDATA[3245612345]]>
              </value>
            </param>
            <param index="4">
              <value>
                <![CDATA[Rahul]]>
              </value>
            </param>
            <param index="5">
              <value>
                <![CDATA[Hanson]]>
              </value>
            </param>
          </params>
          <reporter-output>
          </reporter-output>
        </test-method> <!-- BookReturnticketTest -->
        <test-method status="PASS" signature="tearDown()[pri:0, instance:com.demoaut.testcases.BookReturnTicketTest@69a10787]" name="tearDown" is-config="true" duration-ms="802" started-at="2020-04-29T23:18:53Z" finished-at="2020-04-29T23:18:54Z">
          <reporter-output>
          </reporter-output>
        </test-method> <!-- tearDown -->
      </class> <!-- com.demoaut.testcases.BookReturnTicketTest -->
    </test> <!-- Mercury Tours App Test Cases -->
  </suite> <!-- Mercury Tours Flight Booking Application -->
</testng-results>
