<?xml version="1.0" encoding="UTF-8"?>
<testng-results skipped="0" failed="0" total="3" passed="3">
  <reporter-output>
  </reporter-output>
  <suite name="Mercury Tours Flight Booking Application" duration-ms="75340" started-at="2020-04-30T08:12:44Z" finished-at="2020-04-30T08:13:59Z">
    <groups>
    </groups>
    <test name="Mercury Tours App Test Cases" duration-ms="75340" started-at="2020-04-30T08:12:44Z" finished-at="2020-04-30T08:13:59Z">
      <class name="com.demoaut.testcases.LoginTest">
        <test-method status="PASS" signature="SetUp()[pri:0, instance:com.demoaut.testcases.LoginTest@17776a8]" name="SetUp" is-config="true" duration-ms="11691" started-at="2020-04-30T13:43:17Z" finished-at="2020-04-30T13:43:28Z">
          <reporter-output>
          </reporter-output>
        </test-method> <!-- SetUp -->
        <test-method status="PASS" signature="Logintest(java.lang.String, java.lang.String)[pri:1, instance:com.demoaut.testcases.LoginTest@17776a8]" name="Logintest" duration-ms="7033" started-at="2020-04-30T13:43:28Z" data-provider="getData" finished-at="2020-04-30T13:43:35Z">
          <params>
            <param index="0">
              <value>
                <![CDATA[mercury]]>
              </value>
            </param>
            <param index="1">
              <value>
                <![CDATA[mercury]]>
              </value>
            </param>
          </params>
          <reporter-output>
          </reporter-output>
        </test-method> <!-- Logintest -->
        <test-method status="PASS" signature="tearDown()[pri:0, instance:com.demoaut.testcases.LoginTest@17776a8]" name="tearDown" is-config="true" duration-ms="860" started-at="2020-04-30T13:43:35Z" finished-at="2020-04-30T13:43:36Z">
          <reporter-output>
          </reporter-output>
        </test-method> <!-- tearDown -->
        <test-method status="PASS" signature="SetUp()[pri:0, instance:com.demoaut.testcases.LoginTest@17776a8]" name="SetUp" is-config="true" duration-ms="11843" started-at="2020-04-30T13:43:36Z" finished-at="2020-04-30T13:43:48Z">
          <reporter-output>
          </reporter-output>
        </test-method> <!-- SetUp -->
        <test-method status="PASS" signature="Logintest_falseValidate(java.lang.String, java.lang.String)[pri:2, instance:com.demoaut.testcases.LoginTest@17776a8]" name="Logintest_falseValidate" duration-ms="4237" started-at="2020-04-30T13:43:48Z" data-provider="getData_false" finished-at="2020-04-30T13:43:52Z">
          <params>
            <param index="0">
              <value>
                <![CDATA[demo]]>
              </value>
            </param>
            <param index="1">
              <value>
                <![CDATA[demoacc]]>
              </value>
            </param>
          </params>
          <reporter-output>
          </reporter-output>
        </test-method> <!-- Logintest_falseValidate -->
        <test-method status="PASS" signature="tearDown()[pri:0, instance:com.demoaut.testcases.LoginTest@17776a8]" name="tearDown" is-config="true" duration-ms="823" started-at="2020-04-30T13:43:52Z" finished-at="2020-04-30T13:43:53Z">
          <reporter-output>
          </reporter-output>
        </test-method> <!-- tearDown -->
        <test-method status="PASS" signature="report()[pri:0, instance:com.demoaut.testcases.LoginTest@17776a8]" name="report" is-config="true" duration-ms="5797" started-at="2020-04-30T13:43:53Z" finished-at="2020-04-30T13:43:59Z">
          <reporter-output>
          </reporter-output>
        </test-method> <!-- report -->
      </class> <!-- com.demoaut.testcases.LoginTest -->
      <class name="com.demoaut.testcases.BookReturnTicketTest">
        <test-method status="PASS" signature="SetUp()[pri:0, instance:com.demoaut.testcases.BookReturnTicketTest@12028586]" name="SetUp" is-config="true" duration-ms="20993" started-at="2020-04-30T13:42:44Z" finished-at="2020-04-30T13:43:05Z">
          <reporter-output>
          </reporter-output>
        </test-method> <!-- SetUp -->
        <test-method status="PASS" signature="BookReturnticketTest(java.lang.String, java.lang.String, java.lang.String, java.lang.String, java.lang.String, java.lang.String)[pri:0, instance:com.demoaut.testcases.BookReturnTicketTest@12028586]" name="BookReturnticketTest" duration-ms="10861" started-at="2020-04-30T13:43:05Z" data-provider="getData" finished-at="2020-04-30T13:43:16Z">
          <params>
            <param index="0">
              <value>
                <![CDATA[Rahul]]>
              </value>
            </param>
            <param index="1">
              <value>
                <![CDATA[Hanson]]>
              </value>
            </param>
            <param index="2">
              <value>
                <![CDATA[Visa]]>
              </value>
            </param>
            <param index="3">
              <value>
                <![CDATA[3245612345]]>
              </value>
            </param>
            <param index="4">
              <value>
                <![CDATA[Rahul]]>
              </value>
            </param>
            <param index="5">
              <value>
                <![CDATA[Hanson]]>
              </value>
            </param>
          </params>
          <reporter-output>
          </reporter-output>
        </test-method> <!-- BookReturnticketTest -->
        <test-method status="PASS" signature="tearDown()[pri:0, instance:com.demoaut.testcases.BookReturnTicketTest@12028586]" name="tearDown" is-config="true" duration-ms="862" started-at="2020-04-30T13:43:16Z" finished-at="2020-04-30T13:43:17Z">
          <reporter-output>
          </reporter-output>
        </test-method> <!-- tearDown -->
      </class> <!-- com.demoaut.testcases.BookReturnTicketTest -->
    </test> <!-- Mercury Tours App Test Cases -->
  </suite> <!-- Mercury Tours Flight Booking Application -->
</testng-results>
