<?xml version="1.0" encoding="UTF-8"?>
<!-- Generated by org.testng.reporters.JUnitXMLReporter -->
<testsuite hostname="A2ML24415" ignored="0" name="Mercury Tours App Test Cases" tests="3" failures="0" timestamp="2020-05-12T23:54:01 IST" time="72.689" errors="0">
  <testcase name="BookReturnticketTest" time="10.204" classname="com.demoaut.testcases.BookReturnTicketTest"/>
  <testcase name="Logintest" time="6.742" classname="com.demoaut.testcases.LoginTest"/>
  <testcase name="Logintest_falseValidate" time="2.409" classname="com.demoaut.testcases.LoginTest"/>
</testsuite> <!-- Mercury Tours App Test Cases -->
